<?xml version="1.0" encoding="UTF-8"?>
<!-- Generated by org.testng.reporters.JUnitXMLReporter -->
<testsuite ignored="0" hostname="YousufShameem" failures="0" tests="5" name="Default test" time="0.072" errors="0" timestamp="2026-03-25T00:03:36 IST">
  <testcase classname="calculatorTests.CalculatorTest" name="add" time="0.01"/>
  <testcase classname="calculatorTests.CalculatorTest" name="divide" time="0.001"/>
  <testcase classname="calculatorTests.CalculatorTest" name="multiply" time="0.001"/>
  <testcase classname="calculatorTests.CalculatorTest" name="sub" time="0.003"/>
  <testcase classname="calculatorTests.CalculatorTest" name="testDivisionByZero" time="0.002"/>
</testsuite> <!-- Default test -->
