<?xml version="1.0" encoding="UTF-8"?>
<!-- Generated by org.testng.reporters.JUnitXMLReporter -->
<testsuite ignored="0" hostname="YousufShameem" failures="0" tests="5" name="Test" time="0.068" errors="0" timestamp="2026-03-25T00:11:15 IST">
  <testcase classname="calculatorTests.CalculatorTest" name="add" time="0.011"/>
  <testcase classname="calculatorTests.CalculatorTest" name="divide" time="0.001"/>
  <testcase classname="calculatorTests.CalculatorTest" name="multiply" time="0.003"/>
  <testcase classname="calculatorTests.CalculatorTest" name="sub" time="0.002"/>
  <testcase classname="calculatorTests.CalculatorTest" name="testDivisionByZero" time="0.001"/>
</testsuite> <!-- Test -->
