<?xml version="1.0" encoding="UTF-8"?>
<testng-results ignored="0" total="7" passed="7" failed="0" skipped="0">
  <reporter-output>
  </reporter-output>
  <suite started-at="2026-03-25T09:54:31 IST" name="Default suite" finished-at="2026-03-25T09:54:31 IST" duration-ms="74">
    <groups>
    </groups>
    <test started-at="2026-03-25T09:54:31 IST" name="Default test" finished-at="2026-03-25T09:54:31 IST" duration-ms="74">
      <class name="calculatorTests.CalculatorTest">
        <test-method signature="add()[pri:0, instance:calculatorTests.CalculatorTest@7e07db1f]" started-at="2026-03-25T09:54:31 IST" name="add" finished-at="2026-03-25T09:54:31 IST" duration-ms="12" status="PASS">
          <reporter-output>
          </reporter-output>
        </test-method> <!-- add -->
        <test-method signature="divide()[pri:0, instance:calculatorTests.CalculatorTest@7e07db1f]" started-at="2026-03-25T09:54:31 IST" name="divide" finished-at="2026-03-25T09:54:31 IST" duration-ms="1" status="PASS">
          <reporter-output>
          </reporter-output>
        </test-method> <!-- divide -->
        <test-method signature="multiply()[pri:0, instance:calculatorTests.CalculatorTest@7e07db1f]" started-at="2026-03-25T09:54:31 IST" name="multiply" finished-at="2026-03-25T09:54:31 IST" duration-ms="1" status="PASS">
          <reporter-output>
          </reporter-output>
        </test-method> <!-- multiply -->
        <test-method signature="square()[pri:0, instance:calculatorTests.CalculatorTest@7e07db1f]" started-at="2026-03-25T09:54:31 IST" name="square" finished-at="2026-03-25T09:54:31 IST" duration-ms="2" status="PASS">
          <reporter-output>
          </reporter-output>
        </test-method> <!-- square -->
        <test-method signature="squareRoot()[pri:0, instance:calculatorTests.CalculatorTest@7e07db1f]" started-at="2026-03-25T09:54:31 IST" name="squareRoot" finished-at="2026-03-25T09:54:31 IST" duration-ms="1" status="PASS">
          <reporter-output>
          </reporter-output>
        </test-method> <!-- squareRoot -->
        <test-method signature="sub()[pri:0, instance:calculatorTests.CalculatorTest@7e07db1f]" started-at="2026-03-25T09:54:31 IST" name="sub" finished-at="2026-03-25T09:54:31 IST" duration-ms="1" status="PASS">
          <reporter-output>
          </reporter-output>
        </test-method> <!-- sub -->
        <test-method signature="testDivisionByZero()[pri:0, instance:calculatorTests.CalculatorTest@7e07db1f]" started-at="2026-03-25T09:54:31 IST" name="testDivisionByZero" finished-at="2026-03-25T09:54:31 IST" duration-ms="2" status="PASS">
          <exception class="java.lang.ArithmeticException">
            <message>
              <![CDATA[Cannot divide by zero]]>
            </message>
            <full-stacktrace>
              <![CDATA[java.lang.ArithmeticException: Cannot divide by zero
at calculator.CalculatorMethods.division(CalculatorMethods.java:19)
at calculatorTests.CalculatorTest.testDivisionByZero(CalculatorTest.java:34)
at java.base/jdk.internal.reflect.DirectMethodHandleAccessor.invoke(DirectMethodHandleAccessor.java:103)
at java.base/java.lang.reflect.Method.invoke(Method.java:580)
at org.testng.internal.invokers.MethodInvocationHelper.invokeMethod(MethodInvocationHelper.java:141)
at org.testng.internal.invokers.TestInvoker.invokeMethod(TestInvoker.java:687)
at org.testng.internal.invokers.TestInvoker.invokeTestMethod(TestInvoker.java:230)
at org.testng.internal.invokers.MethodRunner.runInSequence(MethodRunner.java:63)
at org.testng.internal.invokers.TestInvoker$MethodInvocationAgent.invoke(TestInvoker.java:995)
at org.testng.internal.invokers.TestInvoker.invokeTestMethods(TestInvoker.java:203)
at org.testng.internal.invokers.TestMethodWorker.invokeTestMethods(TestMethodWorker.java:154)
at org.testng.internal.invokers.TestMethodWorker.run(TestMethodWorker.java:134)
at java.base/java.util.ArrayList.forEach(ArrayList.java:1596)
at org.testng.TestRunner.privateRun(TestRunner.java:741)
at org.testng.TestRunner.run(TestRunner.java:616)
at org.testng.SuiteRunner.runTest(SuiteRunner.java:421)
at org.testng.SuiteRunner.runSequentially(SuiteRunner.java:413)
at org.testng.SuiteRunner.privateRun(SuiteRunner.java:373)
at org.testng.SuiteRunner.run(SuiteRunner.java:312)
at org.testng.SuiteRunnerWorker.runSuite(SuiteRunnerWorker.java:52)
at org.testng.SuiteRunnerWorker.run(SuiteRunnerWorker.java:95)
at org.testng.TestNG.runSuitesSequentially(TestNG.java:1274)
at org.testng.TestNG.runSuitesLocally(TestNG.java:1208)
at org.testng.TestNG.runSuites(TestNG.java:1112)
at org.testng.TestNG.run(TestNG.java:1079)
at org.testng.remote.AbstractRemoteTestNG.run(AbstractRemoteTestNG.java:115)
at org.testng.remote.RemoteTestNG.initAndRun(RemoteTestNG.java:293)
at org.testng.remote.RemoteTestNG.main(RemoteTestNG.java:91)
]]>
            </full-stacktrace>
          </exception> <!-- java.lang.ArithmeticException -->
          <reporter-output>
          </reporter-output>
        </test-method> <!-- testDivisionByZero -->
      </class> <!-- calculatorTests.CalculatorTest -->
    </test> <!-- Default test -->
  </suite> <!-- Default suite -->
</testng-results>
