<?xml version="1.0" encoding="UTF-8"?>
<!-- Generated by org.testng.reporters.JUnitReportReporter -->
<testsuite hostname="YousufShameem" failures="0" tests="5" name="calculatorTests.CalculatorTest" time="0.018" errors="0" timestamp="2026-03-25T00:11:15 IST" skipped="0">
  <testcase classname="calculatorTests.CalculatorTest" name="sub" time="0.002"/>
  <testcase classname="calculatorTests.CalculatorTest" name="divide" time="0.001"/>
  <testcase classname="calculatorTests.CalculatorTest" name="testDivisionByZero" time="0.001"/>
  <testcase classname="calculatorTests.CalculatorTest" name="add" time="0.011"/>
  <testcase classname="calculatorTests.CalculatorTest" name="multiply" time="0.003"/>
</testsuite> <!-- calculatorTests.CalculatorTest -->
