<?xml version="1.0" encoding="UTF-8"?>
<!-- Generated by org.testng.reporters.JUnitReportReporter -->
<testsuite hostname="YousufShameem" failures="0" tests="7" name="calculatorTests.CalculatorTest" time="0.020" errors="0" timestamp="2026-03-25T09:54:31 IST" skipped="0">
  <testcase classname="calculatorTests.CalculatorTest" name="divide" time="0.001"/>
  <testcase classname="calculatorTests.CalculatorTest" name="squareRoot" time="0.001"/>
  <testcase classname="calculatorTests.CalculatorTest" name="add" time="0.012"/>
  <testcase classname="calculatorTests.CalculatorTest" name="testDivisionByZero" time="0.002"/>
  <testcase classname="calculatorTests.CalculatorTest" name="sub" time="0.001"/>
  <testcase classname="calculatorTests.CalculatorTest" name="multiply" time="0.001"/>
  <testcase classname="calculatorTests.CalculatorTest" name="square" time="0.002"/>
</testsuite> <!-- calculatorTests.CalculatorTest -->
